<?xml version="1.0" encoding="UTF-8"?>
<testng-results skipped="0" failed="0" total="1" passed="1">
  <reporter-output>
  </reporter-output>
  <suite name="Default suite" duration-ms="17009" started-at="2019-10-01T05:42:26Z" finished-at="2019-10-01T05:42:43Z">
    <groups>
    </groups>
    <test name="Default test" duration-ms="17009" started-at="2019-10-01T05:42:26Z" finished-at="2019-10-01T05:42:43Z">
      <class name="com.gov.dmv.appoinment.Appoint">
        <test-method status="PASS" signature="checkAppoinment()[pri:0, instance:com.gov.dmv.appoinment.Appoint@1ff8b8f]" name="checkAppoinment" duration-ms="16997" started-at="2019-09-30T22:42:26Z" finished-at="2019-09-30T22:42:43Z">
          <reporter-output>
          </reporter-output>
        </test-method> <!-- checkAppoinment -->
      </class> <!-- com.gov.dmv.appoinment.Appoint -->
    </test> <!-- Default test -->
  </suite> <!-- Default suite -->
</testng-results>
